(---------------------------------------------------------------------)
(                                                                     )
(    Auto Silkscreen Log File                                         )
(                                                                     )
(    Drawing          : sh-z-003.brd                                  )
(    Software Version : 17.2S007                                      )
(    Date/Time        : Sun Aug 05 15:32:37 2018                      )
(                                                                     )
(---------------------------------------------------------------------)


Generating Auto Silkscreen for both sides of the board.

Copying all elements.

Element to Pad clearance is 0.0000
Max Text displacement is 2.5400
Min Line Length is 0.0000
Allowing 0, 90, 180 and 270 degree text rotations.
Text Allowed Under Components.
Subclass Selections:
 Board Geometry       : Silkscreen
 Component Value      : Silkscreen
 Device Type          : Silkscreen
 Package Geometry     : Silkscreen
 Reference Designator : Silkscreen
 Tolerance            : Silkscreen
 User Part Number     : Silkscreen


     ----- Top Silkscreen -----


     ----- Bottom Silkscreen -----


Total Failures: 0

Log End

