(---------------------------------------------------------------------)
(                                                                     )
(    NC DRILL Log                                                     )
(                                                                     )
(    Drawing          : sh-z-003.brd                                  )
(    Software Version : 17.2S007                                      )
(    Date/Time        : Sun Aug 05 16:20:30 2018                      )
(                                                                     )
(---------------------------------------------------------------------)



 Processing NC Parameters file 'nc_param.txt' ...

 NC PARAMETERS
 -------------

 FORMAT   		2.5
 MACHINE-OFFSET		x:0.00000	y:0.00000   (mm)
 FEEDRATE		1
 COORDINATES		ABSOLUTE
 OUTPUT-UNITS		METRIC
 TOOL-ORDER		INCREASING
 REPEAT-CODES		YES
 SUPPRESS-LEAD-ZEROES	NO
 SUPPRESS-TRAIL-ZEROES	NO
 SUPPRESS-EQUAL		NO
 TOOL-SELECT		NO
 HEADER			none
 LEADER			12
 CODE			ASCII
 SEPARATE		NO
 SEPARATE-ROUTING	NO
 OPTIMIZE_DRILLING	NO
 ENHANCED_EXCELLON	NO
 SCALE			1.000000



 Drill files being output to directory 'G:/Work/sh-z-003/design/HW/pcb' ...



     'sh-z-003-1-2.drl' created for holes connecting TOP and BOTTOM
     --------------------------------------------------------------

           Num     Size      +/- Tolerance     Plating   Quantity

            1.   0.3000    0.0000/  0.0000      PLATED        137
            2.   0.5000    0.0000/  0.0000      PLATED          4
            3.   1.0000    0.0000/  0.0000      PLATED         32
            4.   1.2000    0.0000/  0.0000      PLATED          2
            5.   1.6000    0.0000/  0.0000      PLATED          2
            6.   0.6000    0.0000/  0.0000  NON_PLATED          2

     ---- Total holes:                                        179

     ---- Total head travel:              7.40 feet (2.25 meters)

