(---------------------------------------------------------------------)
(                                                                     )
(    QUICKPLACE LOG                                                   )
(                                                                     )
(    Drawing          : sh-z-003.brd                                  )
(    Software Version : 17.2S007                                      )
(    Date/Time        : Tue Jul 24 22:11:32 2018                      )
(                                                                     )
(---------------------------------------------------------------------)


State: Placing on layer TOP

         Placed symbol:  MCU1 / STM32F407VET_LQFP100_STM32F407V / LQFP100 at (10.1884 90.1884)
         Placed symbol:  U2 / SIM7600CE_SIM7600CE_SIM7600CE / SIM7600CE at (23.0132 112.9448)
         Placed symbol:  U4 / RX-8025SA_0_SOP14_RX-8025SA / SOP14 at (61.8228 84.7032)
         Placed symbol:  J1 / C2X5_C2X5_DI / C2X5 at (70.2320 91.6032)
         Placed symbol:  J2 / C2X5_C2X5_RELAY / C2X5 at (82.0792 78.4968)
         Placed symbol:  U3 / SN65HVD72DR_SOIC8_SN65HVD72DR / SOIC8 at (81.5032 65.3936)
         Placed symbol:  U1 / GD25Q64C_SOIC8_208MIL_W25Q64 / SOIC8_208MIL at (81.5032 58.9904)
         Placed symbol:  J6 / SIM_CARD_SLOT_1_MICRO-SIM_MICRO / MICRO-SIM at (82.0096 48.6872)
         Placed symbol:  J11 / MICROUSB_SOCKET_MICROUSB_2FIX_U / MICROUSB_2FIX at (85.8796 33.6374)
         Placed symbol:  J3 / C2X3_C2X3_SWD / C2X3 at (81.9792 28.8342)
         Placed symbol:  D3 / SMF05C_SOT-363_SMF05C / SOT-363 at (75.8816 82.3032)
         Placed symbol:  U5 / MIC29302_TO263_5LEAD_MIC29302 / TO263_5LEAD at (82.7032 8.2310)
         Placed symbol:  ISO1 / OPT_SGL_0_EL357N_EL357NB / EL357N at (1.9792 120.1780)
         Placed symbol:  U6 / AMS1117-33_SOT-223_AMS1117-33 / SOT-223 at (13.5624 121.5896)
         Placed symbol:  Y1 / CRYSTAL-4PIN_1_SMD3225_CRYSTAL_ / SMD3225_CRYSTAL at (17.9656 117.6896)
         Placed symbol:  Q2 / NPN BEC_SOT23_BC807_BC817-40 / SOT23_BC807 at (21.7688 116.6280)
         Placed symbol:  J8 / IPX_0_IPX_3G / IPX at (27.6784 119.2396)
         Placed symbol:  J7 / IPX_0_IPX_GPS / IPX at (34.5880 119.2396)
         Placed symbol:  J9 / IPX_0_IPX_4G / IPX at (41.4976 119.2396)
         Placed symbol:  Q1 / NPN BEC_SOT23_BC807_BC817-40 / SOT23_BC807 at (45.6008 116.6280)
         Placed symbol:  Q3 / NPN BEC_SOT23_BC807_BC817-40 / SOT23_BC807 at (48.7040 116.6280)
         Placed symbol:  D4 / SM712_SOT23_D_SM712 / SOT23_D at (51.8072 116.6280)
         Placed symbol:  C43 / CAP NP_SMD_C_0805_100NF / SMD_C_0805 at (55.9868 118.3896)
         Placed symbol:  C5 / CAP NP_SMD_C_0805_100NF / SMD_C_0805 at (58.6164 118.3896)
         Placed symbol:  C46 / CAP NP_SMD_C_0805_100NF / SMD_C_0805 at (61.2460 118.3896)
         Placed symbol:  C41 / CAP NP_SMD_C_0805_100NF / SMD_C_0805 at (63.8756 118.3896)
         Placed symbol:  C6 / CAP NP_SMD_C_0805_100NF / SMD_C_0805 at (66.5052 118.3896)
         Placed symbol:  C9 / CAP NP_SMD_C_0805_100NF / SMD_C_0805 at (69.1348 118.3896)
         Placed symbol:  C10 / CAP NP_SMD_C_0805_22PF / SMD_C_0805 at (71.7644 118.3896)
         Placed symbol:  C4 / CAP NP_SMD_C_0805_100NF / SMD_C_0805 at (74.3940 118.3896)
         Placed symbol:  C7 / CAP NP_SMD_C_0805_100NF / SMD_C_0805 at (77.0236 118.3896)
         Placed symbol:  C21 / CAP NP_SMD_C_0805_10UF / SMD_C_0805 at (98.9892 79.2968)
         Placed symbol:  C8 / CAP NP_SMD_C_0805_100NF / SMD_C_0805 at (98.9892 76.1820)
         Placed symbol:  C25 / CAP NP_SMD_C_0805_10UF / SMD_C_0805 at (98.9892 73.0672)
         Placed symbol:  C34 / CAP NP_SMD_C_0805_10UF / SMD_C_0805 at (98.9892 69.9524)
         Placed symbol:  C20 / CAP NP_SMD_C_0805_22PF / SMD_C_0805 at (98.9892 66.8376)
         Placed symbol:  C29 / CAP NP_SMD_C_0805_1UF / SMD_C_0805 at (98.9892 63.7228)
         Placed symbol:  C45 / CAP NP_SMD_C_0805_1UF / SMD_C_0805 at (98.9892 60.6080)
         Placed symbol:  C30 / CAP POL_SMD_C_P_7343_330UF / SMD_C_P_7343 at (100.1628 51.4932)
         Placed symbol:  C35 / CAP POL_SMD_C_P_7343_330UF / SMD_C_P_7343 at (100.1628 42.3900)
         Placed symbol:  C39 / CAP POL_SMD_C_P_7343_330UF / SMD_C_P_7343 at (100.1628 33.2868)
         Placed symbol:  C11 / CAP NP_SMD_C_0805_10UF / SMD_C_0805 at (98.9892 30.1836)
         Placed symbol:  C31 / CAP NP_SMD_C_0805_33PF / SMD_C_0805 at (98.9892 27.0688)
         Placed symbol:  C24 / CAP NP_SMD_C_0805_10UF / SMD_C_0805 at (98.9892 23.9540)
         Placed symbol:  C40 / CAP POL_SMD_C_P_7343_100UF / SMD_C_P_7343 at (100.1628 14.8392)
         Placed symbol:  C32 / CAP NP_SMD_C_0805_100NF / SMD_C_0805 at (98.9892 11.7360)
         Placed symbol:  C37 / CAP NP_SMD_C_0805_100NF / SMD_C_0805 at (98.9892 8.6212)
         Placed symbol:  C28 / CAP NP_SMD_C_0805_1UF / SMD_C_0805 at (98.9892 5.5064)
         Placed symbol:  D11 / DIODE TVS_SOD123_5.1V / SOD123 at (1.8796 129.4928)
         Placed symbol:  D9 / DIODE TVS_SOD123_5.1V / SOD123 at (4.7592 129.4928)
         Placed symbol:  D12 / LED_SMD_D_0805_RED / SMD_D_0805 at (7.5388 128.2044)
         Placed symbol:  D2 / LED_SMD_D_0805_GREEN / SMD_D_0805 at (10.2184 128.2044)
         Placed symbol:  C26 / CAP NP_SMD_C_0805_100NF / SMD_C_0805 at (12.8980 128.0044)
         Placed symbol:  C44 / CAP POL_SMD_C_P_7343_330UF / SMD_C_P_7343 at (16.7012 127.9928)
         Placed symbol:  D5 / DIODE_SMD_D_1206_1N4148W / SMD_D_1206 at (21.2808 128.8928)
         Placed symbol:  D7 / DIODE_SMD_D_1206_1N4148W / SMD_D_1206 at (24.1604 128.8928)
         Placed symbol:  D8 / DIODE_SMD_D_1206_1N4148W / SMD_D_1206 at (27.0400 128.8928)
         Placed symbol:  D6 / DIODE_DO-214AB_1N5822 / DO-214AB at (31.7432 133.0928)
         Placed symbol:  F1 / FUSE_SMD_R_0805_2A / SMD_R_0805 at (37.0228 128.0044)
         Placed symbol:  C23 / CAP NP_SMD_C_0805_100NF / SMD_C_0805 at (39.6524 128.0044)
         Placed symbol:  C22 / CAP NP_SMD_C_0805_100NF / SMD_C_0805 at (42.2820 128.0044)
         Placed symbol:  J10 / C1X2_C1X2NEW_RS485 / C1X2NEW at (44.4352 129.1828)
         Placed symbol:  C2 / CAP NP_SMD_C_0805_100NF / SMD_C_0805 at (47.3148 128.0044)
         Placed symbol:  J12 / C1X2_C1X2_P381_PWR / C1X2_P381 at (50.0440 130.6028)
         Placed symbol:  C19 / CAP NP_SMD_C_0805_100NF / SMD_C_0805 at (53.0236 128.0044)
         Placed symbol:  C38 / CAP POL_DIP_2P_5MM_1F/5.5V / DIP_2P_5MM at (55.8780 129.7440)
         Placed symbol:  C3 / CAP NP_SMD_C_0805_100NF / SMD_C_0805 at (64.2588 128.0044)
         Placed symbol:  J5 / C1X2_C1X2NEW_DOOR / C1X2NEW at (66.4120 129.1828)
         Placed symbol:  C17 / CAP NP_SMD_C_0805_100NF / SMD_C_0805 at (69.2916 128.0044)
         Placed symbol:  C36 / CAP NP_SMD_C_0805_100NF / SMD_C_0805 at (71.9212 128.0044)
         Placed symbol:  C33 / CAP NP_SMD_C_0805_100NF / SMD_C_0805 at (74.5508 128.0044)
         Placed symbol:  D1 / DIODE TS_DO-214AC_SMAJ6.5CA / DO-214AC at (77.2804 130.3928)
         Placed symbol:  L1 / INDUCTOR_SMD_L_0805_BEAD / SMD_L_0805 at (104.6424 79.2968)
         Placed symbol:  L2 / INDUCTOR_SMD_L_0805_BEAD / SMD_L_0805 at (104.6424 76.2820)
         Placed symbol:  L3 / INDUCTOR_SMD_L_0805_47NH / SMD_L_0805 at (104.6424 73.2672)
         Placed symbol:  C16 / CAP NP_SMD_C_0805_100NF / SMD_C_0805 at (104.6424 70.2524)
         Placed symbol:  D10 / DIODE TVS_SOD123_5.1V / SOD123 at (104.7424 67.0026)
         Placed symbol:  C42 / CAP POL_SMD_C_P_7343_100UF / SMD_C_P_7343 at (105.8160 56.3994)
         Placed symbol:  C18 / CAP NP_SMD_C_0805_100NF / SMD_C_0805 at (104.6424 53.2962)
         Placed symbol:  R1 / RESISTOR_SMD_R_0805_10K / SMD_R_0805 at (104.6424 50.1814)
         Placed symbol:  R3 / RESISTOR_SMD_R_0805_10K / SMD_R_0805 at (104.6424 47.0666)
         Placed symbol:  R4 / RESISTOR_SMD_R_0805_10K / SMD_R_0805 at (104.6424 43.9518)
         Placed symbol:  R8 / RESISTOR_SMD_R_0805_10K / SMD_R_0805 at (104.6424 40.8370)
         Placed symbol:  R10 / RESISTOR_SMD_R_0805_1K / SMD_R_0805 at (104.6424 37.7222)
         Placed symbol:  R17 / RESISTOR_SMD_R_0805_1K / SMD_R_0805 at (104.6424 34.6074)
         Placed symbol:  R18 / RESISTOR_SMD_R_0805_1K / SMD_R_0805 at (104.6424 31.4926)
         Placed symbol:  R24 / RESISTOR_SMD_R_0805_1K / SMD_R_0805 at (104.6424 28.3778)
         Placed symbol:  R33 / RESISTOR_SMD_R_0805_1K / SMD_R_0805 at (104.6424 25.2630)
         Placed symbol:  R6 / RESISTOR_SMD_R_0805_1K / SMD_R_0805 at (104.6424 22.1482)
         Placed symbol:  R7 / RESISTOR_SMD_R_0805_1K / SMD_R_0805 at (104.6424 19.0334)
         Placed symbol:  R11 / RESISTOR_SMD_R_0805_22R / SMD_R_0805 at (104.6424 15.9186)
         Placed symbol:  R13 / RESISTOR_SMD_R_0805_22R / SMD_R_0805 at (104.6424 12.8038)
         Placed symbol:  R14 / RESISTOR_SMD_R_0805_22R / SMD_R_0805 at (104.6424 9.6890)
         Placed symbol:  R27 / RESISTOR_SMD_R_0805_22R / SMD_R_0805 at (104.6424 6.5742)
         Placed symbol:  R28 / RESISTOR_SMD_R_0805_22R / SMD_R_0805 at (104.6424 3.4594)
         Placed symbol:  R12 / RESISTOR_SMD_R_0805_0R / SMD_R_0805 at (1.7796 137.1076)
         Placed symbol:  R15 / RESISTOR_SMD_R_0805_0R / SMD_R_0805 at (4.4092 137.1076)
         Placed symbol:  R16 / RESISTOR_SMD_R_0805_4.7K / SMD_R_0805 at (7.0388 137.1076)
         Placed symbol:  R19 / RESISTOR_SMD_R_0805_4.7K / SMD_R_0805 at (9.6684 137.1076)
         Placed symbol:  R21 / RESISTOR_SMD_R_0805_4.7K / SMD_R_0805 at (12.2980 137.1076)
         Placed symbol:  R2 / RESISTOR_SMD_R_0805_1M / SMD_R_0805 at (14.9276 137.1076)
         Placed symbol:  R20 / RESISTOR_SMD_R_0805_47K / SMD_R_0805 at (17.5572 137.1076)
         Placed symbol:  R31 / RESISTOR_SMD_R_0805_47K / SMD_R_0805 at (20.1868 137.1076)
         Placed symbol:  R22 / RESISTOR_SMD_R_0805_1.2K / SMD_R_0805 at (22.8164 137.1076)
         Placed symbol:  R23 / RESISTOR_SMD_R_0805_1.2K / SMD_R_0805 at (25.4460 137.1076)
         Placed symbol:  R25 / RESISTOR_SMD_R_0805_10R / SMD_R_0805 at (28.0756 137.1076)
         Placed symbol:  R26 / RESISTOR_SMD_R_0805_10R / SMD_R_0805 at (30.7052 137.1076)
         Placed symbol:  R29 / RESISTOR_SMD_R_0805_10R / SMD_R_0805 at (33.3348 137.1076)
         Placed symbol:  R9 / RESISTOR_SMD_R_0805_10R / SMD_R_0805 at (35.9644 137.1076)
         Placed symbol:  R30 / RESISTOR_SMD_R_0805_100K / SMD_R_0805 at (38.5940 137.1076)
         Placed symbol:  R32 / RESISTOR_SMD_R_0805_470R / SMD_R_0805 at (41.2236 137.1076)
         Placed symbol:  R5 / RESISTOR_SMD_R_0805_2K / SMD_R_0805 at (43.8532 137.1076)
         Placed symbol:  C15 / CAP NP_SMD_C_0805_100NF / SMD_C_0805 at (46.4828 137.1076)
         Placed symbol:  C14 / CAP NP_SMD_C_0805_100NF / SMD_C_0805 at (49.1124 137.1076)
         Placed symbol:  C13 / CAP NP_SMD_C_0805_100NF / SMD_C_0805 at (51.7420 137.1076)
         Placed symbol:  C12 / CAP NP_SMD_C_0805_100NF / SMD_C_0805 at (54.3716 137.1076)
         Placed symbol:  C1 / CAP NP_SMD_C_0805_100NF / SMD_C_0805 at (57.0012 137.1076)
         Placed symbol:  J4 / C1X2_C1X2NEW_ELS / C1X2NEW at (59.1544 138.2860)
         Placed symbol:  C27 / CAP NP_SMD_C_0805_100NF / SMD_C_0805 at (62.0340 137.1076)


Placed 119 of 119 applicable (119 total) symbols.

-----------------------------------------------------------------------

